Starting new HTTPS connection (1): cs9.salesforce.com
Starting new HTTPS connection (1): cs9.salesforce.com
Starting new HTTPS connection (1): cs9.salesforce.com
Starting new HTTPS connection (1): cs9.salesforce.com
Starting new HTTPS connection (1): cs9.salesforce.com
Starting new HTTPS connection (1): cs9.salesforce.com
Starting new HTTPS connection (1): cs9.salesforce.com
Starting new HTTPS connection (1): cs9.salesforce.com
Starting new HTTPS connection (1): cs9.salesforce.com
Starting new HTTPS connection (1): cs9.salesforce.com
Starting new HTTPS connection (1): cs9.salesforce.com
Starting new HTTPS connection (1): cs9.salesforce.com
Starting new HTTPS connection (1): cs9.salesforce.com
Starting new HTTPS connection (1): cs9.salesforce.com
Starting new HTTPS connection (1): cs9.salesforce.com
Starting new HTTPS connection (1): cs9.salesforce.com
Starting new HTTPS connection (1): cs9.salesforce.com
Starting new HTTPS connection (1): cs9.salesforce.com
<?xml version="1.0" encoding="UTF-8"?>
<SOAP-ENV:Envelope xmlns:ns0="urn:partner.soap.sforce.com" xmlns:ns1="http://schemas.xmlsoap.org/soap/envelope/" xmlns:xsi="http://www.w3.org/2001/XMLSchema-instance" xmlns:tns="urn:partner.soap.sforce.com" xmlns:SOAP-ENV="http://schemas.xmlsoap.org/soap/envelope/">
   <SOAP-ENV:Header>
      <tns:SessionHeader>
         <tns:sessionId>00De0000005O2PX!ARcAQIfofePyyIJAetNJW5h98qtgiDVpUJWjRC5u4MubaZHGPBZvghXqk8fipjRxTfcNfTS7LF_BB3k43yzwhA8YuEvBaDOK</tns:sessionId>
      </tns:SessionHeader>
   </SOAP-ENV:Header>
   <ns1:Body>
      <ns0:getUserInfo/>
   </ns1:Body>
</SOAP-ENV:Envelope>
Starting new HTTPS connection (1): cs9.salesforce.com
